Using pre-set license
Built from '2022.3/staging' branch; Version is '2022.3.46f1 (8e9b8558c41a) revision 9345925'; Using compiler version '192829333'; Build Type 'Release'
OS: 'Windows 10  (10.0.19045) 64bit Professional' Language: 'es' Physical Memory: 16004 MB
BatchMode: 1, IsHumanControllingUs: 0, StartBugReporterOnCrash: 0, Is64bit: 1, IsPro: 1

COMMAND LINE ARGUMENTS:
C:\Program Files\Unity\Hub\Editor\2022.3.46f1\Editor\Unity.exe
-adb2
-batchMode
-noUpm
-name
AssetImportWorker13
-projectPath
C:/Users/CC11-2024.CC11-PC24-SD24/Desktop/Nueva carpeta/unity/GameKDG
-logFile
Logs/AssetImportWorker13.log
-srvPort
49865
Successfully changed project path to: C:/Users/CC11-2024.CC11-PC24-SD24/Desktop/Nueva carpeta/unity/GameKDG
C:/Users/CC11-2024.CC11-PC24-SD24/Desktop/Nueva carpeta/unity/GameKDG
[UnityMemory] Configuration Parameters - Can be set up in boot.config
    "memorysetup-bucket-allocator-granularity=16"
    "memorysetup-bucket-allocator-bucket-count=8"
    "memorysetup-bucket-allocator-block-size=33554432"
    "memorysetup-bucket-allocator-block-count=8"
    "memorysetup-main-allocator-block-size=16777216"
    "memorysetup-thread-allocator-block-size=16777216"
    "memorysetup-gfx-main-allocator-block-size=16777216"
    "memorysetup-gfx-thread-allocator-block-size=16777216"
    "memorysetup-cache-allocator-block-size=4194304"
    "memorysetup-typetree-allocator-block-size=2097152"
    "memorysetup-profiler-bucket-allocator-granularity=16"
    "memorysetup-profiler-bucket-allocator-bucket-count=8"
    "memorysetup-profiler-bucket-allocator-block-size=33554432"
    "memorysetup-profiler-bucket-allocator-block-count=8"
    "memorysetup-profiler-allocator-block-size=16777216"
    "memorysetup-profiler-editor-allocator-block-size=1048576"
    "memorysetup-temp-allocator-size-main=16777216"
    "memorysetup-job-temp-allocator-block-size=2097152"
    "memorysetup-job-temp-allocator-block-size-background=1048576"
    "memorysetup-job-temp-allocator-reduction-small-platforms=262144"
    "memorysetup-allocator-temp-initial-block-size-main=262144"
    "memorysetup-allocator-temp-initial-block-size-worker=262144"
    "memorysetup-temp-allocator-size-background-worker=32768"
    "memorysetup-temp-allocator-size-job-worker=262144"
    "memorysetup-temp-allocator-size-preload-manager=33554432"
    "memorysetup-temp-allocator-size-nav-mesh-worker=65536"
    "memorysetup-temp-allocator-size-audio-worker=65536"
    "memorysetup-temp-allocator-size-cloud-worker=32768"
    "memorysetup-temp-allocator-size-gi-baking-worker=262144"
    "memorysetup-temp-allocator-size-gfx=262144"
Player connection [16000]  Target information:

Player connection [16000]  * "[IP] 192.168.70.59 [Port] 0 [Flags] 2 [Guid] 3391966825 [EditorId] 3391966825 [Version] 1048832 [Id] WindowsEditor(7,CC11-PC29-SD24) [Debug] 1 [PackageName] WindowsEditor [ProjectName] Editor" 

Player connection [16000] Host joined multi-casting on [225.0.0.222:54997]...
Player connection [16000] Host joined alternative multi-casting on [225.0.0.222:34997]...
[PhysX] Initialized MultithreadedTaskDispatcher with 24 workers.
Refreshing native plugins compatible for Editor in 10.33 ms, found 3 plugins.
Preloading 0 native plugins for Editor in 0.00 ms.
Initialize engine version: 2022.3.46f1 (8e9b8558c41a)
[Subsystems] Discovering subsystems at path C:/Program Files/Unity/Hub/Editor/2022.3.46f1/Editor/Data/Resources/UnitySubsystems
[Subsystems] Discovering subsystems at path C:/Users/CC11-2024.CC11-PC24-SD24/Desktop/Nueva carpeta/unity/GameKDG/Assets
GfxDevice: creating device client; threaded=0; jobified=0
Direct3D:
    Version:  Direct3D 11.0 [level 11.1]
    Renderer: AMD Radeon RX 6400 (ID=0x743f)
    Vendor:   ATI
    VRAM:     4051 MB
    Driver:   30.0.14030.4003
Initialize mono
Mono path[0] = 'C:/Program Files/Unity/Hub/Editor/2022.3.46f1/Editor/Data/Managed'
Mono path[1] = 'C:/Program Files/Unity/Hub/Editor/2022.3.46f1/Editor/Data/MonoBleedingEdge/lib/mono/unityjit-win32'
Mono config path = 'C:/Program Files/Unity/Hub/Editor/2022.3.46f1/Editor/Data/MonoBleedingEdge/etc'
Using monoOptions --debugger-agent=transport=dt_socket,embedding=1,server=y,suspend=n,address=127.0.0.1:56844
Begin MonoManager ReloadAssembly
Registering precompiled unity dll's ...
Register platform support module: C:/Program Files/Unity/Hub/Editor/2022.3.46f1/Editor/Data/PlaybackEngines/WindowsStandaloneSupport/UnityEditor.WindowsStandalone.Extensions.dll
Registered in 0.009558 seconds.
- Loaded All Assemblies, in  0.341 seconds
Native extension for WindowsStandalone target not found
Mono: successfully reloaded assembly
- Finished resetting the current domain, in  0.237 seconds
Domain Reload Profiling: 576ms
	BeginReloadAssembly (108ms)
		ExecutionOrderSort (0ms)
		DisableScriptedObjects (0ms)
		BackupInstance (0ms)
		ReleaseScriptingObjects (0ms)
		CreateAndSetChildDomain (1ms)
	RebuildCommonClasses (32ms)
	RebuildNativeTypeToScriptingClass (10ms)
	initialDomainReloadingComplete (62ms)
	LoadAllAssembliesAndSetupDomain (126ms)
		LoadAssemblies (105ms)
		RebuildTransferFunctionScriptingTraits (0ms)
		AnalyzeDomain (124ms)
			TypeCache.Refresh (122ms)
				TypeCache.ScanAssembly (110ms)
			ScanForSourceGeneratedMonoScriptInfo (0ms)
			ResolveRequiredComponents (1ms)
	FinalizeReload (238ms)
		ReleaseScriptCaches (0ms)
		RebuildScriptCaches (0ms)
		SetupLoadedEditorAssemblies (195ms)
			LogAssemblyErrors (0ms)
			InitializePlatformSupportModulesInManaged (9ms)
			SetLoadedEditorAssemblies (6ms)
			RefreshPlugins (0ms)
			BeforeProcessingInitializeOnLoad (2ms)
			ProcessInitializeOnLoadAttributes (135ms)
			ProcessInitializeOnLoadMethodAttributes (42ms)
			AfterProcessingInitializeOnLoad (0ms)
			EditorAssembliesLoaded (0ms)
		ExecutionOrderSort2 (0ms)
		AwakeInstancesAfterBackupRestoration (0ms)
========================================================================
Worker process is ready to serve import requests
Caller must complete domain reload
Begin MonoManager ReloadAssembly
- Loaded All Assemblies, in  0.624 seconds
Native extension for WindowsStandalone target not found
Package Manager log level set to [2]
[Package Manager] Server::EnsureServerProcessIsRunning -- launch failed, reason: Unity was launched with the -noUpm command-line argument
[Package Manager] UpmClient::Send -- Unable to send message (not connected to UPM process).
[Package Manager] Cannot connect to Unity Package Manager local server
Mono: successfully reloaded assembly
- Finished resetting the current domain, in  0.646 seconds
Domain Reload Profiling: 1265ms
	BeginReloadAssembly (137ms)
		ExecutionOrderSort (0ms)
		DisableScriptedObjects (5ms)
		BackupInstance (0ms)
		ReleaseScriptingObjects (0ms)
		CreateAndSetChildDomain (21ms)
	RebuildCommonClasses (29ms)
	RebuildNativeTypeToScriptingClass (10ms)
	initialDomainReloadingComplete (43ms)
	LoadAllAssembliesAndSetupDomain (400ms)
		LoadAssemblies (300ms)
		RebuildTransferFunctionScriptingTraits (0ms)
		AnalyzeDomain (178ms)
			TypeCache.Refresh (147ms)
				TypeCache.ScanAssembly (129ms)
			ScanForSourceGeneratedMonoScriptInfo (20ms)
			ResolveRequiredComponents (10ms)
	FinalizeReload (646ms)
		ReleaseScriptCaches (0ms)
		RebuildScriptCaches (0ms)
		SetupLoadedEditorAssemblies (505ms)
			LogAssemblyErrors (0ms)
			InitializePlatformSupportModulesInManaged (6ms)
			SetLoadedEditorAssemblies (4ms)
			RefreshPlugins (0ms)
			BeforeProcessingInitializeOnLoad (70ms)
			ProcessInitializeOnLoadAttributes (359ms)
			ProcessInitializeOnLoadMethodAttributes (57ms)
			AfterProcessingInitializeOnLoad (9ms)
			EditorAssembliesLoaded (0ms)
		ExecutionOrderSort2 (0ms)
		AwakeInstancesAfterBackupRestoration (6ms)
database is locked
database is locked
Launched and connected shader compiler UnityShaderCompiler.exe after 0.03 seconds
Refreshing native plugins compatible for Editor in 3.75 ms, found 3 plugins.
Preloading 0 native plugins for Editor in 0.00 ms.
Unloading 5130 Unused Serialized files (Serialized files now loaded: 0)
Unloading 37 unused Assets / (421.3 KB). Loaded Objects now: 5594.
Memory consumption went from 218.4 MB to 218.0 MB.
Total: 3.341700 ms (FindLiveObjects: 0.393600 ms CreateObjectMapping: 0.131200 ms MarkObjects: 2.619200 ms  DeleteObjects: 0.195900 ms)

AssetImportParameters requested are different than current active one (requested -> active):
  custom:container-demuxer-ogg: 62fdf1f143b41e24485cea50d1cbac27 -> 
  custom:video-decoder-ogg-theora: a1e56fd34408186e4bbccfd4996cb3dc -> 
  custom:framework-win-MediaFoundation: 216162199b28c13a410421893ffa2e32 -> 
  custom:CustomObjectIndexerAttribute: 72b91833f83ae208fae7752999fa3104 -> 
  custom:container-demuxer-webm: 4f35f7cbe854078d1ac9338744f61a02 -> 
  custom:container-muxer-webm: aa71ff27fc2769a1b78a27578f13a17b -> 
  custom:video-decoder-webm-vp8: 9c59270c3fd7afecdb556c50c9e8de78 -> 
  custom:SearchIndexIgnoredProperties: e643bd26f0fe6173181afceb89e7c659 -> 
  custom:AudioImporter_EditorPlatform: d09bf68614088b80899f8185d706f6e7 -> 
  custom:video-encoder-webm-vp8: eb34c28f22e8b96e1ab97ce403110664 -> 
  custom:audio-decoder-ogg-vorbis: bf7c407c2cedff20999df2af8eb42d56 -> 
  custom:audio-encoder-webm-vorbis: bf7c407c2cedff20999df2af8eb42d56 -> 
========================================================================
Received Import Request.
  Time since last request: 2122.185095 seconds.
  path: Assets/PolygonPrototype/Models/SM_Buildings_Ramp_40_1x1_01.fbx
  artifactKey: Guid(e611aba0187903d4cb527c98c4e28fac) Importer(815301076,1909f56bfc062723c751e8b465ee728b)
Start importing Assets/PolygonPrototype/Models/SM_Buildings_Ramp_40_1x1_01.fbx using Guid(e611aba0187903d4cb527c98c4e28fac) Importer(815301076,1909f56bfc062723c751e8b465ee728b) [PhysX] Initialized MultithreadedTaskDispatcher with 24 workers.
[PhysX] Initialized MultithreadedTaskDispatcher with 24 workers.
[PhysX] Initialized MultithreadedTaskDispatcher with 24 workers.
 -> (artifact id: 'f326c011a3cfc49ecf8739a28c563a13') in 0.353279 seconds
Number of updated asset objects reloaded before import = 0
Number of asset objects unloaded after import = 27
========================================================================
Received Import Request.
  Time since last request: 0.163411 seconds.
  path: Assets/PolygonPrototype/Models/SM_Buildings_Ramp_60_1x1_01P.fbx
  artifactKey: Guid(5646b47812647344d99a24387fa27501) Importer(815301076,1909f56bfc062723c751e8b465ee728b)
Start importing Assets/PolygonPrototype/Models/SM_Buildings_Ramp_60_1x1_01P.fbx using Guid(5646b47812647344d99a24387fa27501) Importer(815301076,1909f56bfc062723c751e8b465ee728b) [PhysX] Initialized MultithreadedTaskDispatcher with 24 workers.
[PhysX] Initialized MultithreadedTaskDispatcher with 24 workers.
[PhysX] Initialized MultithreadedTaskDispatcher with 24 workers.
 -> (artifact id: 'ff28545d9b71130c63ab9f2de7aa8b51') in 0.021228 seconds
Number of updated asset objects reloaded before import = 0
Number of asset objects unloaded after import = 8
========================================================================
Received Import Request.
  Time since last request: 0.488785 seconds.
  path: Assets/PolygonPrototype/Models/SM_Buildings_RoofAngled_2x2_01.fbx
  artifactKey: Guid(81679a764e1ae56448fa294dfffdf906) Importer(815301076,1909f56bfc062723c751e8b465ee728b)
Start importing Assets/PolygonPrototype/Models/SM_Buildings_RoofAngled_2x2_01.fbx using Guid(81679a764e1ae56448fa294dfffdf906) Importer(815301076,1909f56bfc062723c751e8b465ee728b) [PhysX] Initialized MultithreadedTaskDispatcher with 24 workers.
[PhysX] Initialized MultithreadedTaskDispatcher with 24 workers.
[PhysX] Initialized MultithreadedTaskDispatcher with 24 workers.
 -> (artifact id: '4c06f8a3d43b7e1195cc525cdc20d5cc') in 0.014117 seconds
Number of updated asset objects reloaded before import = 0
Number of asset objects unloaded after import = 8
========================================================================
Received Import Request.
  Time since last request: 0.619020 seconds.
  path: Assets/PolygonPrototype/Models/SM_Buildings_RoofAngledCornerMiddle_1x1_01.fbx
  artifactKey: Guid(a3e4cee86604216459705f67cdcb8d5e) Importer(815301076,1909f56bfc062723c751e8b465ee728b)
Start importing Assets/PolygonPrototype/Models/SM_Buildings_RoofAngledCornerMiddle_1x1_01.fbx using Guid(a3e4cee86604216459705f67cdcb8d5e) Importer(815301076,1909f56bfc062723c751e8b465ee728b) [PhysX] Initialized MultithreadedTaskDispatcher with 24 workers.
[PhysX] Initialized MultithreadedTaskDispatcher with 24 workers.
[PhysX] Initialized MultithreadedTaskDispatcher with 24 workers.
 -> (artifact id: '924722c3582f5a8765bd8b1d3317453a') in 0.022169 seconds
Number of updated asset objects reloaded before import = 0
Number of asset objects unloaded after import = 8
========================================================================
Received Import Request.
  Time since last request: 1.991724 seconds.
  path: Assets/PolygonPrototype/Models/SM_Buildings_RoofAngledCornerOuter_2x2_01.fbx
  artifactKey: Guid(4e7b957c94835a045a4ceec35bd07e35) Importer(815301076,1909f56bfc062723c751e8b465ee728b)
Start importing Assets/PolygonPrototype/Models/SM_Buildings_RoofAngledCornerOuter_2x2_01.fbx using Guid(4e7b957c94835a045a4ceec35bd07e35) Importer(815301076,1909f56bfc062723c751e8b465ee728b) [PhysX] Initialized MultithreadedTaskDispatcher with 24 workers.
[PhysX] Initialized MultithreadedTaskDispatcher with 24 workers.
[PhysX] Initialized MultithreadedTaskDispatcher with 24 workers.
 -> (artifact id: '3514f84fddb2c948677dc6e3327830c8') in 0.018429 seconds
Number of updated asset objects reloaded before import = 0
Number of asset objects unloaded after import = 8
========================================================================
Received Import Request.
  Time since last request: 0.549684 seconds.
  path: Assets/PolygonPrototype/Models/SM_Buildings_RoofAngledPoint_5x5_01P.fbx
  artifactKey: Guid(bb2c86eae9b030241aaa2e3f9ecf84db) Importer(815301076,1909f56bfc062723c751e8b465ee728b)
Start importing Assets/PolygonPrototype/Models/SM_Buildings_RoofAngledPoint_5x5_01P.fbx using Guid(bb2c86eae9b030241aaa2e3f9ecf84db) Importer(815301076,1909f56bfc062723c751e8b465ee728b) [PhysX] Initialized MultithreadedTaskDispatcher with 24 workers.
[PhysX] Initialized MultithreadedTaskDispatcher with 24 workers.
[PhysX] Initialized MultithreadedTaskDispatcher with 24 workers.
 -> (artifact id: 'e97d03134907e01698c26fe486eb5c29') in 0.019178 seconds
Number of updated asset objects reloaded before import = 0
Number of asset objects unloaded after import = 8
========================================================================
Received Import Request.
  Time since last request: 0.000016 seconds.
  path: Assets/PolygonPrototype/Models/SM_Buildings_Stairs_1x2_01.fbx
  artifactKey: Guid(d541909567834dc4f9038a90f73aa161) Importer(815301076,1909f56bfc062723c751e8b465ee728b)
Start importing Assets/PolygonPrototype/Models/SM_Buildings_Stairs_1x2_01.fbx using Guid(d541909567834dc4f9038a90f73aa161) Importer(815301076,1909f56bfc062723c751e8b465ee728b) [PhysX] Initialized MultithreadedTaskDispatcher with 24 workers.
[PhysX] Initialized MultithreadedTaskDispatcher with 24 workers.
[PhysX] Initialized MultithreadedTaskDispatcher with 24 workers.
 -> (artifact id: '8dced59eeaeca7246cdaad9c6b31bc08') in 0.014259 seconds
Number of updated asset objects reloaded before import = 0
Number of asset objects unloaded after import = 8
========================================================================
Received Import Request.
  Time since last request: 2.335085 seconds.
  path: Assets/PolygonPrototype/Models/SM_Buildings_Stairs_1x3_01.fbx
  artifactKey: Guid(7ce50dc06d7bb62448b532080fd35371) Importer(815301076,1909f56bfc062723c751e8b465ee728b)
Start importing Assets/PolygonPrototype/Models/SM_Buildings_Stairs_1x3_01.fbx using Guid(7ce50dc06d7bb62448b532080fd35371) Importer(815301076,1909f56bfc062723c751e8b465ee728b) [PhysX] Initialized MultithreadedTaskDispatcher with 24 workers.
[PhysX] Initialized MultithreadedTaskDispatcher with 24 workers.
[PhysX] Initialized MultithreadedTaskDispatcher with 24 workers.
 -> (artifact id: 'f3583eb1c3b636ae2f6b022ea918150e') in 0.013989 seconds
Number of updated asset objects reloaded before import = 0
Number of asset objects unloaded after import = 8
========================================================================
Received Import Request.
  Time since last request: 0.000014 seconds.
  path: Assets/PolygonPrototype/Models/SM_Buildings_Wall_2x3_01.fbx
  artifactKey: Guid(cbdda53aa8be0d841a4f044817656a44) Importer(815301076,1909f56bfc062723c751e8b465ee728b)
Start importing Assets/PolygonPrototype/Models/SM_Buildings_Wall_2x3_01.fbx using Guid(cbdda53aa8be0d841a4f044817656a44) Importer(815301076,1909f56bfc062723c751e8b465ee728b) [PhysX] Initialized MultithreadedTaskDispatcher with 24 workers.
[PhysX] Initialized MultithreadedTaskDispatcher with 24 workers.
[PhysX] Initialized MultithreadedTaskDispatcher with 24 workers.
 -> (artifact id: '6c5fa41abe24e3c89cb65217a4259235') in 0.018620 seconds
Number of updated asset objects reloaded before import = 0
Number of asset objects unloaded after import = 8
========================================================================
Received Import Request.
  Time since last request: 0.727052 seconds.
  path: Assets/PolygonPrototype/Models/SM_Buildings_Wall_5x3_01P.fbx
  artifactKey: Guid(002aad209296b1b48bb25b46d18ad50d) Importer(815301076,1909f56bfc062723c751e8b465ee728b)
Start importing Assets/PolygonPrototype/Models/SM_Buildings_Wall_5x3_01P.fbx using Guid(002aad209296b1b48bb25b46d18ad50d) Importer(815301076,1909f56bfc062723c751e8b465ee728b) [PhysX] Initialized MultithreadedTaskDispatcher with 24 workers.
[PhysX] Initialized MultithreadedTaskDispatcher with 24 workers.
[PhysX] Initialized MultithreadedTaskDispatcher with 24 workers.
 -> (artifact id: '9d229e4c69685a24757048ecea603d23') in 0.021780 seconds
Number of updated asset objects reloaded before import = 0
Number of asset objects unloaded after import = 8
========================================================================
Received Import Request.
  Time since last request: 1.610482 seconds.
  path: Assets/PolygonPrototype/Models/SM_Buildings_WallCurved_1x1_01.fbx
  artifactKey: Guid(f8f044437cd3bf941ae92e4d37e1faa3) Importer(815301076,1909f56bfc062723c751e8b465ee728b)
Start importing Assets/PolygonPrototype/Models/SM_Buildings_WallCurved_1x1_01.fbx using Guid(f8f044437cd3bf941ae92e4d37e1faa3) Importer(815301076,1909f56bfc062723c751e8b465ee728b) [PhysX] Initialized MultithreadedTaskDispatcher with 24 workers.
[PhysX] Initialized MultithreadedTaskDispatcher with 24 workers.
[PhysX] Initialized MultithreadedTaskDispatcher with 24 workers.
 -> (artifact id: '63d70d76580d587ef22c49b7b20f4256') in 0.020855 seconds
Number of updated asset objects reloaded before import = 0
Number of asset objects unloaded after import = 8
========================================================================
Received Import Request.
  Time since last request: 0.000021 seconds.
  path: Assets/PolygonPrototype/Models/SM_Buildings_WallCurved_5x5_01P.fbx
  artifactKey: Guid(58dc61810fa23fc4d8355e6d7f968017) Importer(815301076,1909f56bfc062723c751e8b465ee728b)
Start importing Assets/PolygonPrototype/Models/SM_Buildings_WallCurved_5x5_01P.fbx using Guid(58dc61810fa23fc4d8355e6d7f968017) Importer(815301076,1909f56bfc062723c751e8b465ee728b) [PhysX] Initialized MultithreadedTaskDispatcher with 24 workers.
[PhysX] Initialized MultithreadedTaskDispatcher with 24 workers.
[PhysX] Initialized MultithreadedTaskDispatcher with 24 workers.
 -> (artifact id: '24e7cfedba68b9c55534555fc5bea30b') in 0.015764 seconds
Number of updated asset objects reloaded before import = 0
Number of asset objects unloaded after import = 8
========================================================================
Received Import Request.
  Time since last request: 0.642033 seconds.
  path: Assets/PolygonPrototype/Models/SM_Buildings_WallDoor_5x3_01P.fbx
  artifactKey: Guid(d02465c6b6027974ba95cfee1396578e) Importer(815301076,1909f56bfc062723c751e8b465ee728b)
Start importing Assets/PolygonPrototype/Models/SM_Buildings_WallDoor_5x3_01P.fbx using Guid(d02465c6b6027974ba95cfee1396578e) Importer(815301076,1909f56bfc062723c751e8b465ee728b) [PhysX] Initialized MultithreadedTaskDispatcher with 24 workers.
[PhysX] Initialized MultithreadedTaskDispatcher with 24 workers.
[PhysX] Initialized MultithreadedTaskDispatcher with 24 workers.
 -> (artifact id: '625830918e428d2cbbea735242e677b2') in 0.011697 seconds
Number of updated asset objects reloaded before import = 0
Number of asset objects unloaded after import = 8
========================================================================
Received Import Request.
  Time since last request: 0.000015 seconds.
  path: Assets/PolygonPrototype/Models/SM_Buildings_WallWindow_2x3_01P.fbx
  artifactKey: Guid(b65c3f0a0873e8a4b8d22233d8e4cf23) Importer(815301076,1909f56bfc062723c751e8b465ee728b)
Start importing Assets/PolygonPrototype/Models/SM_Buildings_WallWindow_2x3_01P.fbx using Guid(b65c3f0a0873e8a4b8d22233d8e4cf23) Importer(815301076,1909f56bfc062723c751e8b465ee728b) [PhysX] Initialized MultithreadedTaskDispatcher with 24 workers.
[PhysX] Initialized MultithreadedTaskDispatcher with 24 workers.
[PhysX] Initialized MultithreadedTaskDispatcher with 24 workers.
 -> (artifact id: 'ff6ca265c11ecf7b57067673e4222523') in 0.021436 seconds
Number of updated asset objects reloaded before import = 0
Number of asset objects unloaded after import = 8
========================================================================
Received Import Request.
  Time since last request: 0.468753 seconds.
  path: Assets/PolygonPrototype/Models/SM_Buildings_WallWindowDouble_2x3_01.fbx
  artifactKey: Guid(7b6bc6e5974c1714f974a1c13f7a9bcb) Importer(815301076,1909f56bfc062723c751e8b465ee728b)
Start importing Assets/PolygonPrototype/Models/SM_Buildings_WallWindowDouble_2x3_01.fbx using Guid(7b6bc6e5974c1714f974a1c13f7a9bcb) Importer(815301076,1909f56bfc062723c751e8b465ee728b) [PhysX] Initialized MultithreadedTaskDispatcher with 24 workers.
[PhysX] Initialized MultithreadedTaskDispatcher with 24 workers.
[PhysX] Initialized MultithreadedTaskDispatcher with 24 workers.
 -> (artifact id: 'd24dd71eebec9d5bedc0bbe68d92d5f1') in 0.025080 seconds
Number of updated asset objects reloaded before import = 0
Number of asset objects unloaded after import = 8
========================================================================
Received Import Request.
  Time since last request: 0.592771 seconds.
  path: Assets/PolygonPrototype/Models/SM_FX_Glow_Ring_01.fbx
  artifactKey: Guid(d29428f9d0c477141a67eda96e5710ea) Importer(815301076,1909f56bfc062723c751e8b465ee728b)
Start importing Assets/PolygonPrototype/Models/SM_FX_Glow_Ring_01.fbx using Guid(d29428f9d0c477141a67eda96e5710ea) Importer(815301076,1909f56bfc062723c751e8b465ee728b) [PhysX] Initialized MultithreadedTaskDispatcher with 24 workers.
[PhysX] Initialized MultithreadedTaskDispatcher with 24 workers.
[PhysX] Initialized MultithreadedTaskDispatcher with 24 workers.
 -> (artifact id: '1de80fb3b034c535b52176b949248539') in 0.018326 seconds
Number of updated asset objects reloaded before import = 0
Number of asset objects unloaded after import = 8
========================================================================
Received Import Request.
  Time since last request: 37.893005 seconds.
  path: Assets/PolygonPrototype/Models/SM_Generic_Mountains_Soft_01.fbx
  artifactKey: Guid(de83fe6560da16e42a98515b8c369345) Importer(815301076,1909f56bfc062723c751e8b465ee728b)
Start importing Assets/PolygonPrototype/Models/SM_Generic_Mountains_Soft_01.fbx using Guid(de83fe6560da16e42a98515b8c369345) Importer(815301076,1909f56bfc062723c751e8b465ee728b) [PhysX] Initialized MultithreadedTaskDispatcher with 24 workers.
[PhysX] Initialized MultithreadedTaskDispatcher with 24 workers.
[PhysX] Initialized MultithreadedTaskDispatcher with 24 workers.
 -> (artifact id: '7cf0af537c6901be3fba26e4cf32746d') in 0.011844 seconds
Number of updated asset objects reloaded before import = 0
Number of asset objects unloaded after import = 8
========================================================================
Received Import Request.
  Time since last request: 0.000016 seconds.
  path: Assets/PolygonPrototype/Models/SM_Generic_Tree_04.fbx
  artifactKey: Guid(bf58a331915d6234280ebcf9e3618d5c) Importer(815301076,1909f56bfc062723c751e8b465ee728b)
Start importing Assets/PolygonPrototype/Models/SM_Generic_Tree_04.fbx using Guid(bf58a331915d6234280ebcf9e3618d5c) Importer(815301076,1909f56bfc062723c751e8b465ee728b) [PhysX] Initialized MultithreadedTaskDispatcher with 24 workers.
[PhysX] Initialized MultithreadedTaskDispatcher with 24 workers.
[PhysX] Initialized MultithreadedTaskDispatcher with 24 workers.
 -> (artifact id: '6d28f2245209537e8a25a7773a87b106') in 0.009228 seconds
Number of updated asset objects reloaded before import = 0
Number of asset objects unloaded after import = 8
========================================================================
Received Import Request.
  Time since last request: 1.898395 seconds.
  path: Assets/PolygonPrototype/Models/SM_Generic_Water_Plane_01.fbx
  artifactKey: Guid(4d5bf05349fa8854198809b7abf9a9bb) Importer(815301076,1909f56bfc062723c751e8b465ee728b)
Start importing Assets/PolygonPrototype/Models/SM_Generic_Water_Plane_01.fbx using Guid(4d5bf05349fa8854198809b7abf9a9bb) Importer(815301076,1909f56bfc062723c751e8b465ee728b) [PhysX] Initialized MultithreadedTaskDispatcher with 24 workers.
[PhysX] Initialized MultithreadedTaskDispatcher with 24 workers.
[PhysX] Initialized MultithreadedTaskDispatcher with 24 workers.
 -> (artifact id: 'b93468734ef9be4312d92c587f9a355c') in 0.015797 seconds
Number of updated asset objects reloaded before import = 0
Number of asset objects unloaded after import = 8
========================================================================
Received Import Request.
  Time since last request: 2.071026 seconds.
  path: Assets/PolygonPrototype/Models/SM_Icon_Arrow_Long_01.fbx
  artifactKey: Guid(61d24e80f99275d4f9cf3e5b40d66d54) Importer(815301076,1909f56bfc062723c751e8b465ee728b)
Start importing Assets/PolygonPrototype/Models/SM_Icon_Arrow_Long_01.fbx using Guid(61d24e80f99275d4f9cf3e5b40d66d54) Importer(815301076,1909f56bfc062723c751e8b465ee728b) [PhysX] Initialized MultithreadedTaskDispatcher with 24 workers.
[PhysX] Initialized MultithreadedTaskDispatcher with 24 workers.
[PhysX] Initialized MultithreadedTaskDispatcher with 24 workers.
 -> (artifact id: 'fa25e90f9a39710258a9195391904b85') in 0.013033 seconds
Number of updated asset objects reloaded before import = 0
Number of asset objects unloaded after import = 8
========================================================================
Received Import Request.
  Time since last request: 0.000037 seconds.
  path: Assets/PolygonPrototype/Models/SM_Icon_Arrow_Long_Curve_03.fbx
  artifactKey: Guid(45cae7d1798ee244ebd14eee9b1a95b9) Importer(815301076,1909f56bfc062723c751e8b465ee728b)
Start importing Assets/PolygonPrototype/Models/SM_Icon_Arrow_Long_Curve_03.fbx using Guid(45cae7d1798ee244ebd14eee9b1a95b9) Importer(815301076,1909f56bfc062723c751e8b465ee728b) [PhysX] Initialized MultithreadedTaskDispatcher with 24 workers.
[PhysX] Initialized MultithreadedTaskDispatcher with 24 workers.
[PhysX] Initialized MultithreadedTaskDispatcher with 24 workers.
 -> (artifact id: '69f3c59d286c14365f679689928237e2') in 0.019246 seconds
Number of updated asset objects reloaded before import = 0
Number of asset objects unloaded after import = 8
========================================================================
Received Import Request.
  Time since last request: 0.518936 seconds.
  path: Assets/PolygonPrototype/Models/SM_Icon_Arrow_Small_05.fbx
  artifactKey: Guid(e6281cb45791c0f449ba8568954738d5) Importer(815301076,1909f56bfc062723c751e8b465ee728b)
Start importing Assets/PolygonPrototype/Models/SM_Icon_Arrow_Small_05.fbx using Guid(e6281cb45791c0f449ba8568954738d5) Importer(815301076,1909f56bfc062723c751e8b465ee728b) [PhysX] Initialized MultithreadedTaskDispatcher with 24 workers.
[PhysX] Initialized MultithreadedTaskDispatcher with 24 workers.
[PhysX] Initialized MultithreadedTaskDispatcher with 24 workers.
 -> (artifact id: '08a2638ac7486acf7cef1c7280bd19c3') in 0.014983 seconds
Number of updated asset objects reloaded before import = 0
Number of asset objects unloaded after import = 8
========================================================================
Received Import Request.
  Time since last request: 0.680410 seconds.
  path: Assets/PolygonPrototype/Models/SM_Icon_Boat_01.fbx
  artifactKey: Guid(c6b13326a4389084a998dfbea38c372a) Importer(815301076,1909f56bfc062723c751e8b465ee728b)
Start importing Assets/PolygonPrototype/Models/SM_Icon_Boat_01.fbx using Guid(c6b13326a4389084a998dfbea38c372a) Importer(815301076,1909f56bfc062723c751e8b465ee728b) [PhysX] Initialized MultithreadedTaskDispatcher with 24 workers.
[PhysX] Initialized MultithreadedTaskDispatcher with 24 workers.
[PhysX] Initialized MultithreadedTaskDispatcher with 24 workers.
 -> (artifact id: '58c9b98f977340ba73a302de5e9d65a3') in 0.011803 seconds
Number of updated asset objects reloaded before import = 0
Number of asset objects unloaded after import = 8
========================================================================
Received Import Request.
  Time since last request: 0.000016 seconds.
  path: Assets/PolygonPrototype/Models/SM_Icon_Circle_01.fbx
  artifactKey: Guid(2448bd6a5888ad646b8c665e877aaaed) Importer(815301076,1909f56bfc062723c751e8b465ee728b)
Start importing Assets/PolygonPrototype/Models/SM_Icon_Circle_01.fbx using Guid(2448bd6a5888ad646b8c665e877aaaed) Importer(815301076,1909f56bfc062723c751e8b465ee728b) [PhysX] Initialized MultithreadedTaskDispatcher with 24 workers.
[PhysX] Initialized MultithreadedTaskDispatcher with 24 workers.
[PhysX] Initialized MultithreadedTaskDispatcher with 24 workers.
 -> (artifact id: '09b22da5f4da15fa5dcb5bea6e11703c') in 0.013349 seconds
Number of updated asset objects reloaded before import = 0
Number of asset objects unloaded after import = 8
========================================================================
Received Import Request.
  Time since last request: 2.776823 seconds.
  path: Assets/PolygonPrototype/Models/SM_Icon_Cup_01.fbx
  artifactKey: Guid(8e22fa0bdd970f749a4a10ef46c3d742) Importer(815301076,1909f56bfc062723c751e8b465ee728b)
Start importing Assets/PolygonPrototype/Models/SM_Icon_Cup_01.fbx using Guid(8e22fa0bdd970f749a4a10ef46c3d742) Importer(815301076,1909f56bfc062723c751e8b465ee728b) [PhysX] Initialized MultithreadedTaskDispatcher with 24 workers.
[PhysX] Initialized MultithreadedTaskDispatcher with 24 workers.
[PhysX] Initialized MultithreadedTaskDispatcher with 24 workers.
 -> (artifact id: '60fadf84632ae4fb4c3acdc4bc591c96') in 0.013071 seconds
Number of updated asset objects reloaded before import = 0
Number of asset objects unloaded after import = 8
========================================================================
Received Import Request.
  Time since last request: 1.311763 seconds.
  path: Assets/PolygonPrototype/Models/SM_Icon_Gem_01.fbx
  artifactKey: Guid(c8e9a715daac24048a124a1f8e3487fa) Importer(815301076,1909f56bfc062723c751e8b465ee728b)
Start importing Assets/PolygonPrototype/Models/SM_Icon_Gem_01.fbx using Guid(c8e9a715daac24048a124a1f8e3487fa) Importer(815301076,1909f56bfc062723c751e8b465ee728b) [PhysX] Initialized MultithreadedTaskDispatcher with 24 workers.
[PhysX] Initialized MultithreadedTaskDispatcher with 24 workers.
[PhysX] Initialized MultithreadedTaskDispatcher with 24 workers.
 -> (artifact id: '3deb9a35640c067086065cfb5e00a87c') in 0.015520 seconds
Number of updated asset objects reloaded before import = 0
Number of asset objects unloaded after import = 8
========================================================================
Received Import Request.
  Time since last request: 0.000017 seconds.
  path: Assets/PolygonPrototype/Models/SM_Icon_Health_02.fbx
  artifactKey: Guid(8920670fe0e38bb449f053c0d030ec9f) Importer(815301076,1909f56bfc062723c751e8b465ee728b)
Start importing Assets/PolygonPrototype/Models/SM_Icon_Health_02.fbx using Guid(8920670fe0e38bb449f053c0d030ec9f) Importer(815301076,1909f56bfc062723c751e8b465ee728b) [PhysX] Initialized MultithreadedTaskDispatcher with 24 workers.
[PhysX] Initialized MultithreadedTaskDispatcher with 24 workers.
[PhysX] Initialized MultithreadedTaskDispatcher with 24 workers.
 -> (artifact id: 'cae176d6aed5ad68dd3d6d586cf3c69e') in 0.015574 seconds
Number of updated asset objects reloaded before import = 0
Number of asset objects unloaded after import = 8
========================================================================
Received Import Request.
  Time since last request: 1.063236 seconds.
  path: Assets/PolygonPrototype/Models/SM_Icon_Letter_A_01.fbx
  artifactKey: Guid(db31839fe3e5fb94aa9c207101f25669) Importer(815301076,1909f56bfc062723c751e8b465ee728b)
Start importing Assets/PolygonPrototype/Models/SM_Icon_Letter_A_01.fbx using Guid(db31839fe3e5fb94aa9c207101f25669) Importer(815301076,1909f56bfc062723c751e8b465ee728b) [PhysX] Initialized MultithreadedTaskDispatcher with 24 workers.
[PhysX] Initialized MultithreadedTaskDispatcher with 24 workers.
[PhysX] Initialized MultithreadedTaskDispatcher with 24 workers.
 -> (artifact id: 'a60f721d04c3c9daa3818238db03fb48') in 0.025145 seconds
Number of updated asset objects reloaded before import = 0
Number of asset objects unloaded after import = 8
========================================================================
Received Import Request.
  Time since last request: 2.830799 seconds.
  path: Assets/PolygonPrototype/Models/SM_Icon_Letter_E_01.fbx
  artifactKey: Guid(63cb43ab8fe058f428fcd4226087a692) Importer(815301076,1909f56bfc062723c751e8b465ee728b)
Start importing Assets/PolygonPrototype/Models/SM_Icon_Letter_E_01.fbx using Guid(63cb43ab8fe058f428fcd4226087a692) Importer(815301076,1909f56bfc062723c751e8b465ee728b) [PhysX] Initialized MultithreadedTaskDispatcher with 24 workers.
[PhysX] Initialized MultithreadedTaskDispatcher with 24 workers.
[PhysX] Initialized MultithreadedTaskDispatcher with 24 workers.
 -> (artifact id: '45c0290f39116620bbd27ceb5a8ab7ef') in 0.012460 seconds
Number of updated asset objects reloaded before import = 0
Number of asset objects unloaded after import = 8
========================================================================
Received Import Request.
  Time since last request: 0.000016 seconds.
  path: Assets/PolygonPrototype/Models/SM_Icon_Letter_H_01.fbx
  artifactKey: Guid(46c3c788c95462841bad409314fa1391) Importer(815301076,1909f56bfc062723c751e8b465ee728b)
Start importing Assets/PolygonPrototype/Models/SM_Icon_Letter_H_01.fbx using Guid(46c3c788c95462841bad409314fa1391) Importer(815301076,1909f56bfc062723c751e8b465ee728b) [PhysX] Initialized MultithreadedTaskDispatcher with 24 workers.
[PhysX] Initialized MultithreadedTaskDispatcher with 24 workers.
[PhysX] Initialized MultithreadedTaskDispatcher with 24 workers.
 -> (artifact id: '94d404a013dfd9629eff50fb38d7283a') in 0.010013 seconds
Number of updated asset objects reloaded before import = 0
Number of asset objects unloaded after import = 8
========================================================================
Received Import Request.
  Time since last request: 0.198916 seconds.
  path: Assets/PolygonPrototype/Models/SM_Icon_Letter_M_01.fbx
  artifactKey: Guid(fa50a50467ace4746b6bfedaf0954eff) Importer(815301076,1909f56bfc062723c751e8b465ee728b)
Start importing Assets/PolygonPrototype/Models/SM_Icon_Letter_M_01.fbx using Guid(fa50a50467ace4746b6bfedaf0954eff) Importer(815301076,1909f56bfc062723c751e8b465ee728b) [PhysX] Initialized MultithreadedTaskDispatcher with 24 workers.
[PhysX] Initialized MultithreadedTaskDispatcher with 24 workers.
[PhysX] Initialized MultithreadedTaskDispatcher with 24 workers.
 -> (artifact id: '6ba8c1270a2b2a6cea40fa92fc4e4c4a') in 0.012448 seconds
Number of updated asset objects reloaded before import = 0
Number of asset objects unloaded after import = 8
========================================================================
Received Import Request.
  Time since last request: 0.000014 seconds.
  path: Assets/PolygonPrototype/Models/SM_Icon_Letter_Q_01.fbx
  artifactKey: Guid(6dd530daa84d49d41bd197452e8299ca) Importer(815301076,1909f56bfc062723c751e8b465ee728b)
Start importing Assets/PolygonPrototype/Models/SM_Icon_Letter_Q_01.fbx using Guid(6dd530daa84d49d41bd197452e8299ca) Importer(815301076,1909f56bfc062723c751e8b465ee728b) [PhysX] Initialized MultithreadedTaskDispatcher with 24 workers.
[PhysX] Initialized MultithreadedTaskDispatcher with 24 workers.
[PhysX] Initialized MultithreadedTaskDispatcher with 24 workers.
 -> (artifact id: '12f510399487d2311ed4bc389d2afcfe') in 0.015008 seconds
Number of updated asset objects reloaded before import = 0
Number of asset objects unloaded after import = 8
========================================================================
Received Import Request.
  Time since last request: 0.913573 seconds.
  path: Assets/PolygonPrototype/Models/SM_Icon_Letter_T_01.fbx
  artifactKey: Guid(179633ae31af95b469d9db216bdbda2c) Importer(815301076,1909f56bfc062723c751e8b465ee728b)
Start importing Assets/PolygonPrototype/Models/SM_Icon_Letter_T_01.fbx using Guid(179633ae31af95b469d9db216bdbda2c) Importer(815301076,1909f56bfc062723c751e8b465ee728b) [PhysX] Initialized MultithreadedTaskDispatcher with 24 workers.
[PhysX] Initialized MultithreadedTaskDispatcher with 24 workers.
[PhysX] Initialized MultithreadedTaskDispatcher with 24 workers.
 -> (artifact id: 'e7fa26fc33fa60bba44afa95fb0d4ba3') in 0.011514 seconds
Number of updated asset objects reloaded before import = 0
Number of asset objects unloaded after import = 8
========================================================================
Received Import Request.
  Time since last request: 0.000017 seconds.
  path: Assets/PolygonPrototype/Models/SM_Icon_Letter_Y_01.fbx
  artifactKey: Guid(c74a683adf6e3e44a8589aeae74c333f) Importer(815301076,1909f56bfc062723c751e8b465ee728b)
Start importing Assets/PolygonPrototype/Models/SM_Icon_Letter_Y_01.fbx using Guid(c74a683adf6e3e44a8589aeae74c333f) Importer(815301076,1909f56bfc062723c751e8b465ee728b) [PhysX] Initialized MultithreadedTaskDispatcher with 24 workers.
[PhysX] Initialized MultithreadedTaskDispatcher with 24 workers.
[PhysX] Initialized MultithreadedTaskDispatcher with 24 workers.
 -> (artifact id: '5dae438436b0926345547ff3e9d44988') in 0.013856 seconds
Number of updated asset objects reloaded before import = 0
Number of asset objects unloaded after import = 8
========================================================================
Received Import Request.
  Time since last request: 0.069860 seconds.
  path: Assets/PolygonPrototype/Models/SM_Icon_Light_Directional_02.fbx
  artifactKey: Guid(24fe4137be565c04c8e140c241170858) Importer(815301076,1909f56bfc062723c751e8b465ee728b)
Start importing Assets/PolygonPrototype/Models/SM_Icon_Light_Directional_02.fbx using Guid(24fe4137be565c04c8e140c241170858) Importer(815301076,1909f56bfc062723c751e8b465ee728b) [PhysX] Initialized MultithreadedTaskDispatcher with 24 workers.
[PhysX] Initialized MultithreadedTaskDispatcher with 24 workers.
[PhysX] Initialized MultithreadedTaskDispatcher with 24 workers.
 -> (artifact id: '4276d215c8dc2eb081de468370c9f9be') in 0.018762 seconds
Number of updated asset objects reloaded before import = 0
Number of asset objects unloaded after import = 8
========================================================================
Received Import Request.
  Time since last request: 0.000021 seconds.
  path: Assets/PolygonPrototype/Models/SM_Icon_Lock_Open_01.fbx
  artifactKey: Guid(a5ea6758323b22449b3304a37376c448) Importer(815301076,1909f56bfc062723c751e8b465ee728b)
Start importing Assets/PolygonPrototype/Models/SM_Icon_Lock_Open_01.fbx using Guid(a5ea6758323b22449b3304a37376c448) Importer(815301076,1909f56bfc062723c751e8b465ee728b) [PhysX] Initialized MultithreadedTaskDispatcher with 24 workers.
[PhysX] Initialized MultithreadedTaskDispatcher with 24 workers.
[PhysX] Initialized MultithreadedTaskDispatcher with 24 workers.
 -> (artifact id: '1be1a50ad0ad9eeef9dab3234bb99567') in 0.015635 seconds
Number of updated asset objects reloaded before import = 0
Number of asset objects unloaded after import = 8
========================================================================
Received Import Request.
  Time since last request: 0.699563 seconds.
  path: Assets/PolygonPrototype/Models/SM_Icon_Number_3_01.fbx
  artifactKey: Guid(567cfa528abfd8946a669532c72ec451) Importer(815301076,1909f56bfc062723c751e8b465ee728b)
Start importing Assets/PolygonPrototype/Models/SM_Icon_Number_3_01.fbx using Guid(567cfa528abfd8946a669532c72ec451) Importer(815301076,1909f56bfc062723c751e8b465ee728b) [PhysX] Initialized MultithreadedTaskDispatcher with 24 workers.
[PhysX] Initialized MultithreadedTaskDispatcher with 24 workers.
[PhysX] Initialized MultithreadedTaskDispatcher with 24 workers.
 -> (artifact id: '3981207de91ca1c4d155fa9f174be29f') in 0.014616 seconds
Number of updated asset objects reloaded before import = 0
Number of asset objects unloaded after import = 8
========================================================================
Received Import Request.
  Time since last request: 0.000017 seconds.
  path: Assets/PolygonPrototype/Models/SM_Icon_Number_7_01.fbx
  artifactKey: Guid(6bc8966e6d7258b4cabab1e08f0b728f) Importer(815301076,1909f56bfc062723c751e8b465ee728b)
Start importing Assets/PolygonPrototype/Models/SM_Icon_Number_7_01.fbx using Guid(6bc8966e6d7258b4cabab1e08f0b728f) Importer(815301076,1909f56bfc062723c751e8b465ee728b) [PhysX] Initialized MultithreadedTaskDispatcher with 24 workers.
[PhysX] Initialized MultithreadedTaskDispatcher with 24 workers.
[PhysX] Initialized MultithreadedTaskDispatcher with 24 workers.
 -> (artifact id: 'bf5eb0ba960535adb010f40dc66f43a4') in 0.014507 seconds
Number of updated asset objects reloaded before import = 0
Number of asset objects unloaded after import = 8
========================================================================
Received Import Request.
  Time since last request: 0.018068 seconds.
  path: Assets/PolygonPrototype/Models/SM_Icon_Number_Percentage_01.fbx
  artifactKey: Guid(fb251da7b514d8b4699378a295d4d8e7) Importer(815301076,1909f56bfc062723c751e8b465ee728b)
Start importing Assets/PolygonPrototype/Models/SM_Icon_Number_Percentage_01.fbx using Guid(fb251da7b514d8b4699378a295d4d8e7) Importer(815301076,1909f56bfc062723c751e8b465ee728b) [PhysX] Initialized MultithreadedTaskDispatcher with 24 workers.
[PhysX] Initialized MultithreadedTaskDispatcher with 24 workers.
[PhysX] Initialized MultithreadedTaskDispatcher with 24 workers.
 -> (artifact id: '0f939b26f1da0bea650ca71649b33896') in 0.012412 seconds
Number of updated asset objects reloaded before import = 0
Number of asset objects unloaded after import = 8
========================================================================
Received Import Request.
  Time since last request: 0.000016 seconds.
  path: Assets/PolygonPrototype/Models/SM_Icon_Power_01.fbx
  artifactKey: Guid(c56e52fbc01de2c4c98a978c49287de9) Importer(815301076,1909f56bfc062723c751e8b465ee728b)
Start importing Assets/PolygonPrototype/Models/SM_Icon_Power_01.fbx using Guid(c56e52fbc01de2c4c98a978c49287de9) Importer(815301076,1909f56bfc062723c751e8b465ee728b) [PhysX] Initialized MultithreadedTaskDispatcher with 24 workers.
[PhysX] Initialized MultithreadedTaskDispatcher with 24 workers.
[PhysX] Initialized MultithreadedTaskDispatcher with 24 workers.
 -> (artifact id: '1e6926bebcdec05c63746ac5672a9e87') in 0.015565 seconds
Number of updated asset objects reloaded before import = 0
Number of asset objects unloaded after import = 8
========================================================================
Received Import Request.
  Time since last request: 0.462954 seconds.
  path: Assets/PolygonPrototype/Models/SM_Icon_SelectionRing_01.fbx
  artifactKey: Guid(6684110c4b3b77d43a53aaebf5e731c4) Importer(815301076,1909f56bfc062723c751e8b465ee728b)
Start importing Assets/PolygonPrototype/Models/SM_Icon_SelectionRing_01.fbx using Guid(6684110c4b3b77d43a53aaebf5e731c4) Importer(815301076,1909f56bfc062723c751e8b465ee728b) [PhysX] Initialized MultithreadedTaskDispatcher with 24 workers.
[PhysX] Initialized MultithreadedTaskDispatcher with 24 workers.
[PhysX] Initialized MultithreadedTaskDispatcher with 24 workers.
 -> (artifact id: '644eb1dd70f522d740caa1f6c47ee345') in 0.011097 seconds
Number of updated asset objects reloaded before import = 0
Number of asset objects unloaded after import = 8
========================================================================
Received Import Request.
  Time since last request: 0.000015 seconds.
  path: Assets/PolygonPrototype/Models/SM_Icon_SelectionRing_07.fbx
  artifactKey: Guid(259f0dddf0f61904c98eee2317721a90) Importer(815301076,1909f56bfc062723c751e8b465ee728b)
Start importing Assets/PolygonPrototype/Models/SM_Icon_SelectionRing_07.fbx using Guid(259f0dddf0f61904c98eee2317721a90) Importer(815301076,1909f56bfc062723c751e8b465ee728b) [PhysX] Initialized MultithreadedTaskDispatcher with 24 workers.
[PhysX] Initialized MultithreadedTaskDispatcher with 24 workers.
[PhysX] Initialized MultithreadedTaskDispatcher with 24 workers.
 -> (artifact id: 'a24e102710c72e2b6e9b51e01708023b') in 0.010969 seconds
Number of updated asset objects reloaded before import = 0
Number of asset objects unloaded after import = 8
========================================================================
Received Import Request.
  Time since last request: 0.609762 seconds.
  path: Assets/PolygonPrototype/Models/SM_Icon_Shield_01.fbx
  artifactKey: Guid(e50957f3a4a037e4d9a7fdad9b88ab23) Importer(815301076,1909f56bfc062723c751e8b465ee728b)
Start importing Assets/PolygonPrototype/Models/SM_Icon_Shield_01.fbx using Guid(e50957f3a4a037e4d9a7fdad9b88ab23) Importer(815301076,1909f56bfc062723c751e8b465ee728b) [PhysX] Initialized MultithreadedTaskDispatcher with 24 workers.
[PhysX] Initialized MultithreadedTaskDispatcher with 24 workers.
[PhysX] Initialized MultithreadedTaskDispatcher with 24 workers.
 -> (artifact id: '876c6025bed62705f0c4da998d8e8bfa') in 0.014569 seconds
Number of updated asset objects reloaded before import = 0
Number of asset objects unloaded after import = 8
========================================================================
Received Import Request.
  Time since last request: 0.000017 seconds.
  path: Assets/PolygonPrototype/Models/SM_Icon_SpeechBubble_02.fbx
  artifactKey: Guid(5333d2a68ee64424f85d034a2304cfd4) Importer(815301076,1909f56bfc062723c751e8b465ee728b)
Start importing Assets/PolygonPrototype/Models/SM_Icon_SpeechBubble_02.fbx using Guid(5333d2a68ee64424f85d034a2304cfd4) Importer(815301076,1909f56bfc062723c751e8b465ee728b) [PhysX] Initialized MultithreadedTaskDispatcher with 24 workers.
[PhysX] Initialized MultithreadedTaskDispatcher with 24 workers.
[PhysX] Initialized MultithreadedTaskDispatcher with 24 workers.
 -> (artifact id: '9ebbc164c6512f8dedf027e3295517a8') in 0.014583 seconds
Number of updated asset objects reloaded before import = 0
Number of asset objects unloaded after import = 8
========================================================================
Received Import Request.
  Time since last request: 0.481530 seconds.
  path: Assets/PolygonPrototype/Models/SM_Icon_System_01.fbx
  artifactKey: Guid(a231802f21bf6bd42885108a1b4f6ee0) Importer(815301076,1909f56bfc062723c751e8b465ee728b)
Start importing Assets/PolygonPrototype/Models/SM_Icon_System_01.fbx using Guid(a231802f21bf6bd42885108a1b4f6ee0) Importer(815301076,1909f56bfc062723c751e8b465ee728b) [PhysX] Initialized MultithreadedTaskDispatcher with 24 workers.
[PhysX] Initialized MultithreadedTaskDispatcher with 24 workers.
[PhysX] Initialized MultithreadedTaskDispatcher with 24 workers.
 -> (artifact id: 'fff8355e50f325f40c0d5ab031cd1b53') in 0.012546 seconds
Number of updated asset objects reloaded before import = 0
Number of asset objects unloaded after import = 8
========================================================================
Received Import Request.
  Time since last request: 0.000100 seconds.
  path: Assets/PolygonPrototype/Models/SM_Icon_Warning_01.fbx
  artifactKey: Guid(de63f24a4ddd7ed43bccc07fe1648ef8) Importer(815301076,1909f56bfc062723c751e8b465ee728b)
Start importing Assets/PolygonPrototype/Models/SM_Icon_Warning_01.fbx using Guid(de63f24a4ddd7ed43bccc07fe1648ef8) Importer(815301076,1909f56bfc062723c751e8b465ee728b) [PhysX] Initialized MultithreadedTaskDispatcher with 24 workers.
[PhysX] Initialized MultithreadedTaskDispatcher with 24 workers.
[PhysX] Initialized MultithreadedTaskDispatcher with 24 workers.
 -> (artifact id: 'f6c2a4883556330a23e7df012caec4f4') in 0.014464 seconds
Number of updated asset objects reloaded before import = 0
Number of asset objects unloaded after import = 8
========================================================================
Received Import Request.
  Time since last request: 0.004115 seconds.
  path: Assets/PolygonPrototype/Models/SM_Icon_Weather_Cloudy_01.fbx
  artifactKey: Guid(5458a7202294d754ba31ac02a373f767) Importer(815301076,1909f56bfc062723c751e8b465ee728b)
Start importing Assets/PolygonPrototype/Models/SM_Icon_Weather_Cloudy_01.fbx using Guid(5458a7202294d754ba31ac02a373f767) Importer(815301076,1909f56bfc062723c751e8b465ee728b) [PhysX] Initialized MultithreadedTaskDispatcher with 24 workers.
[PhysX] Initialized MultithreadedTaskDispatcher with 24 workers.
[PhysX] Initialized MultithreadedTaskDispatcher with 24 workers.
 -> (artifact id: '3b72d406bfbe61b9797af823c50e23b4') in 0.013602 seconds
Number of updated asset objects reloaded before import = 0
Number of asset objects unloaded after import = 8
========================================================================
Received Import Request.
  Time since last request: 0.000016 seconds.
  path: Assets/PolygonPrototype/Models/SM_Note_ArtPass_01.fbx
  artifactKey: Guid(dce57727a0e11cb40b59831791d4e569) Importer(815301076,1909f56bfc062723c751e8b465ee728b)
Start importing Assets/PolygonPrototype/Models/SM_Note_ArtPass_01.fbx using Guid(dce57727a0e11cb40b59831791d4e569) Importer(815301076,1909f56bfc062723c751e8b465ee728b) [PhysX] Initialized MultithreadedTaskDispatcher with 24 workers.
[PhysX] Initialized MultithreadedTaskDispatcher with 24 workers.
[PhysX] Initialized MultithreadedTaskDispatcher with 24 workers.
 -> (artifact id: '0c80968bc576996c48103add108f649e') in 0.014986 seconds
Number of updated asset objects reloaded before import = 0
Number of asset objects unloaded after import = 8
========================================================================
Received Import Request.
  Time since last request: 0.387682 seconds.
  path: Assets/PolygonPrototype/Models/SM_Note_Custom_01.fbx
  artifactKey: Guid(1d9e2fcc594ea7f4db499f1ed1d5a615) Importer(815301076,1909f56bfc062723c751e8b465ee728b)
Start importing Assets/PolygonPrototype/Models/SM_Note_Custom_01.fbx using Guid(1d9e2fcc594ea7f4db499f1ed1d5a615) Importer(815301076,1909f56bfc062723c751e8b465ee728b) [PhysX] Initialized MultithreadedTaskDispatcher with 24 workers.
[PhysX] Initialized MultithreadedTaskDispatcher with 24 workers.
[PhysX] Initialized MultithreadedTaskDispatcher with 24 workers.
 -> (artifact id: '359cf5d140a2740a494959951508dbdf') in 0.012308 seconds
Number of updated asset objects reloaded before import = 0
Number of asset objects unloaded after import = 8
========================================================================
Received Import Request.
  Time since last request: 0.000016 seconds.
  path: Assets/PolygonPrototype/Models/SM_Note_Old_01.fbx
  artifactKey: Guid(2a81b5936f453594098aaa590c549578) Importer(815301076,1909f56bfc062723c751e8b465ee728b)
Start importing Assets/PolygonPrototype/Models/SM_Note_Old_01.fbx using Guid(2a81b5936f453594098aaa590c549578) Importer(815301076,1909f56bfc062723c751e8b465ee728b) [PhysX] Initialized MultithreadedTaskDispatcher with 24 workers.
[PhysX] Initialized MultithreadedTaskDispatcher with 24 workers.
[PhysX] Initialized MultithreadedTaskDispatcher with 24 workers.
 -> (artifact id: '821e97f6eee899e722e07b31801f2975') in 0.012034 seconds
Number of updated asset objects reloaded before import = 0
Number of asset objects unloaded after import = 8
========================================================================
Received Import Request.
  Time since last request: 1.430677 seconds.
  path: Assets/PolygonPrototype/Models/SM_Note_Wip_01.fbx
  artifactKey: Guid(82cd76f148d1e4e449762eb1c80a3931) Importer(815301076,1909f56bfc062723c751e8b465ee728b)
Start importing Assets/PolygonPrototype/Models/SM_Note_Wip_01.fbx using Guid(82cd76f148d1e4e449762eb1c80a3931) Importer(815301076,1909f56bfc062723c751e8b465ee728b) [PhysX] Initialized MultithreadedTaskDispatcher with 24 workers.
[PhysX] Initialized MultithreadedTaskDispatcher with 24 workers.
[PhysX] Initialized MultithreadedTaskDispatcher with 24 workers.
 -> (artifact id: '6fdc66ba3e91a3dc6853994e50ed0ab1') in 0.014996 seconds
Number of updated asset objects reloaded before import = 0
Number of asset objects unloaded after import = 8
========================================================================
Received Import Request.
  Time since last request: 0.043166 seconds.
  path: Assets/PolygonPrototype/Models/SM_Pawn_Idle_Female_01.fbx
  artifactKey: Guid(6365d1aa82df06140b327b15b731f494) Importer(815301076,1909f56bfc062723c751e8b465ee728b)
Start importing Assets/PolygonPrototype/Models/SM_Pawn_Idle_Female_01.fbx using Guid(6365d1aa82df06140b327b15b731f494) Importer(815301076,1909f56bfc062723c751e8b465ee728b) [PhysX] Initialized MultithreadedTaskDispatcher with 24 workers.
[PhysX] Initialized MultithreadedTaskDispatcher with 24 workers.
[PhysX] Initialized MultithreadedTaskDispatcher with 24 workers.
 -> (artifact id: 'c3c7677af4f307bbf2cab181d168f8ea') in 0.016695 seconds
Number of updated asset objects reloaded before import = 0
Number of asset objects unloaded after import = 8
========================================================================
Received Import Request.
  Time since last request: 2.203073 seconds.
  path: Assets/PolygonPrototype/Models/SM_Pawn_Weapon_Female_02.fbx
  artifactKey: Guid(0cc5cfa46bac2ac418973a002207c368) Importer(815301076,1909f56bfc062723c751e8b465ee728b)
Start importing Assets/PolygonPrototype/Models/SM_Pawn_Weapon_Female_02.fbx using Guid(0cc5cfa46bac2ac418973a002207c368) Importer(815301076,1909f56bfc062723c751e8b465ee728b) [PhysX] Initialized MultithreadedTaskDispatcher with 24 workers.
[PhysX] Initialized MultithreadedTaskDispatcher with 24 workers.
[PhysX] Initialized MultithreadedTaskDispatcher with 24 workers.
 -> (artifact id: '67031bb2e500b47e323fe57b17868a3a') in 0.013371 seconds
Number of updated asset objects reloaded before import = 0
Number of asset objects unloaded after import = 8
========================================================================
Received Import Request.
  Time since last request: 0.000019 seconds.
  path: Assets/PolygonPrototype/Models/SM_Primitive_Cone_01P.fbx
  artifactKey: Guid(a841183acf16e52418ef7c1f3f1c171d) Importer(815301076,1909f56bfc062723c751e8b465ee728b)
Start importing Assets/PolygonPrototype/Models/SM_Primitive_Cone_01P.fbx using Guid(a841183acf16e52418ef7c1f3f1c171d) Importer(815301076,1909f56bfc062723c751e8b465ee728b) [PhysX] Initialized MultithreadedTaskDispatcher with 24 workers.
[PhysX] Initialized MultithreadedTaskDispatcher with 24 workers.
[PhysX] Initialized MultithreadedTaskDispatcher with 24 workers.
 -> (artifact id: '44f4ac9d0bc6647707e7a8a236459238') in 0.010565 seconds
Number of updated asset objects reloaded before import = 0
Number of asset objects unloaded after import = 8
========================================================================
Received Import Request.
  Time since last request: 0.798226 seconds.
  path: Assets/PolygonPrototype/Models/SM_Primitive_Cube_01.fbx
  artifactKey: Guid(2d56fe2ad841a4f429c64626c08eaae5) Importer(815301076,1909f56bfc062723c751e8b465ee728b)
Start importing Assets/PolygonPrototype/Models/SM_Primitive_Cube_01.fbx using Guid(2d56fe2ad841a4f429c64626c08eaae5) Importer(815301076,1909f56bfc062723c751e8b465ee728b) [PhysX] Initialized MultithreadedTaskDispatcher with 24 workers.
[PhysX] Initialized MultithreadedTaskDispatcher with 24 workers.
[PhysX] Initialized MultithreadedTaskDispatcher with 24 workers.
 -> (artifact id: 'b12235580136660a478472cd75b680e9') in 0.012623 seconds
Number of updated asset objects reloaded before import = 0
Number of asset objects unloaded after import = 8
========================================================================
Received Import Request.
  Time since last request: 0.000016 seconds.
  path: Assets/PolygonPrototype/Models/SM_Primitive_Cylander_01.fbx
  artifactKey: Guid(0c325b8e8056782438bfbe4aa1e8de32) Importer(815301076,1909f56bfc062723c751e8b465ee728b)
Start importing Assets/PolygonPrototype/Models/SM_Primitive_Cylander_01.fbx using Guid(0c325b8e8056782438bfbe4aa1e8de32) Importer(815301076,1909f56bfc062723c751e8b465ee728b) [PhysX] Initialized MultithreadedTaskDispatcher with 24 workers.
[PhysX] Initialized MultithreadedTaskDispatcher with 24 workers.
[PhysX] Initialized MultithreadedTaskDispatcher with 24 workers.
 -> (artifact id: '01614719d474bb02043c076eb97bbd3a') in 0.013002 seconds
Number of updated asset objects reloaded before import = 0
Number of asset objects unloaded after import = 8
========================================================================
Received Import Request.
  Time since last request: 0.698029 seconds.
  path: Assets/PolygonPrototype/Models/SM_Primitive_Cylander_04.fbx
  artifactKey: Guid(56742f32321353b409b98a38aef6c4cd) Importer(815301076,1909f56bfc062723c751e8b465ee728b)
Start importing Assets/PolygonPrototype/Models/SM_Primitive_Cylander_04.fbx using Guid(56742f32321353b409b98a38aef6c4cd) Importer(815301076,1909f56bfc062723c751e8b465ee728b) [PhysX] Initialized MultithreadedTaskDispatcher with 24 workers.
[PhysX] Initialized MultithreadedTaskDispatcher with 24 workers.
[PhysX] Initialized MultithreadedTaskDispatcher with 24 workers.
 -> (artifact id: '722d262d25d6c08eb48d80dea8711d00') in 0.011705 seconds
Number of updated asset objects reloaded before import = 0
Number of asset objects unloaded after import = 8
========================================================================
Received Import Request.
  Time since last request: 0.000016 seconds.
  path: Assets/PolygonPrototype/Models/SM_Primitive_Sphere_01.fbx
  artifactKey: Guid(e49c959f3097f964e85dde87cf1eca2f) Importer(815301076,1909f56bfc062723c751e8b465ee728b)
Start importing Assets/PolygonPrototype/Models/SM_Primitive_Sphere_01.fbx using Guid(e49c959f3097f964e85dde87cf1eca2f) Importer(815301076,1909f56bfc062723c751e8b465ee728b) [PhysX] Initialized MultithreadedTaskDispatcher with 24 workers.
[PhysX] Initialized MultithreadedTaskDispatcher with 24 workers.
[PhysX] Initialized MultithreadedTaskDispatcher with 24 workers.
 -> (artifact id: '4d05e0ea159fc5b67de80ae6fa072e2b') in 0.009367 seconds
Number of updated asset objects reloaded before import = 0
Number of asset objects unloaded after import = 8
========================================================================
Received Import Request.
  Time since last request: 0.028943 seconds.
  path: Assets/PolygonPrototype/Models/SM_Primitive_Sphere_03.fbx
  artifactKey: Guid(041af9d6be7b54e4cbc5136070a39312) Importer(815301076,1909f56bfc062723c751e8b465ee728b)
Start importing Assets/PolygonPrototype/Models/SM_Primitive_Sphere_03.fbx using Guid(041af9d6be7b54e4cbc5136070a39312) Importer(815301076,1909f56bfc062723c751e8b465ee728b) [PhysX] Initialized MultithreadedTaskDispatcher with 24 workers.
[PhysX] Initialized MultithreadedTaskDispatcher with 24 workers.
[PhysX] Initialized MultithreadedTaskDispatcher with 24 workers.
 -> (artifact id: '605c4c7153e07b14c285289ff8283e5c') in 0.023671 seconds
Number of updated asset objects reloaded before import = 0
Number of asset objects unloaded after import = 8
========================================================================
Received Import Request.
  Time since last request: 0.550524 seconds.
  path: Assets/PolygonPrototype/Models/SM_Primitive_Tube_01.fbx
  artifactKey: Guid(71ea7b78077bcb8498786209fb905548) Importer(815301076,1909f56bfc062723c751e8b465ee728b)
Start importing Assets/PolygonPrototype/Models/SM_Primitive_Tube_01.fbx using Guid(71ea7b78077bcb8498786209fb905548) Importer(815301076,1909f56bfc062723c751e8b465ee728b) [PhysX] Initialized MultithreadedTaskDispatcher with 24 workers.
[PhysX] Initialized MultithreadedTaskDispatcher with 24 workers.
[PhysX] Initialized MultithreadedTaskDispatcher with 24 workers.
 -> (artifact id: 'b5bbe6adae11c01220b6fe0d6c134f87') in 0.011751 seconds
Number of updated asset objects reloaded before import = 0
Number of asset objects unloaded after import = 8
========================================================================
Received Import Request.
  Time since last request: 0.000016 seconds.
  path: Assets/PolygonPrototype/Models/SM_Primitive_Tube_05.fbx
  artifactKey: Guid(495d4b0f8e45e104fb8da65211ca11e6) Importer(815301076,1909f56bfc062723c751e8b465ee728b)
Start importing Assets/PolygonPrototype/Models/SM_Primitive_Tube_05.fbx using Guid(495d4b0f8e45e104fb8da65211ca11e6) Importer(815301076,1909f56bfc062723c751e8b465ee728b) [PhysX] Initialized MultithreadedTaskDispatcher with 24 workers.
[PhysX] Initialized MultithreadedTaskDispatcher with 24 workers.
[PhysX] Initialized MultithreadedTaskDispatcher with 24 workers.
 -> (artifact id: 'a8aefff07c7734f94fc03d55be73faf7') in 0.010967 seconds
Number of updated asset objects reloaded before import = 0
Number of asset objects unloaded after import = 8
========================================================================
Received Import Request.
  Time since last request: 4.640244 seconds.
  path: Assets/PolygonPrototype/Models/SM_Prop_Barrel_01.fbx
  artifactKey: Guid(270efc4fb3c7ef74cb77f88b77cefaa1) Importer(815301076,1909f56bfc062723c751e8b465ee728b)
Start importing Assets/PolygonPrototype/Models/SM_Prop_Barrel_01.fbx using Guid(270efc4fb3c7ef74cb77f88b77cefaa1) Importer(815301076,1909f56bfc062723c751e8b465ee728b) [PhysX] Initialized MultithreadedTaskDispatcher with 24 workers.
[PhysX] Initialized MultithreadedTaskDispatcher with 24 workers.
[PhysX] Initialized MultithreadedTaskDispatcher with 24 workers.
 -> (artifact id: '866d644f9c447ccf57a7a5544ee541ce') in 0.012401 seconds
Number of updated asset objects reloaded before import = 0
Number of asset objects unloaded after import = 8
========================================================================
Received Import Request.
  Time since last request: 0.000017 seconds.
  path: Assets/PolygonPrototype/Models/SM_Prop_Bowling_Pin_01.fbx
  artifactKey: Guid(5cef9db9af9248b4891efd9c1080ec94) Importer(815301076,1909f56bfc062723c751e8b465ee728b)
Start importing Assets/PolygonPrototype/Models/SM_Prop_Bowling_Pin_01.fbx using Guid(5cef9db9af9248b4891efd9c1080ec94) Importer(815301076,1909f56bfc062723c751e8b465ee728b) [PhysX] Initialized MultithreadedTaskDispatcher with 24 workers.
[PhysX] Initialized MultithreadedTaskDispatcher with 24 workers.
[PhysX] Initialized MultithreadedTaskDispatcher with 24 workers.
 -> (artifact id: '6ba164fdc90094d7da660a83465bb47f') in 0.013882 seconds
Number of updated asset objects reloaded before import = 0
Number of asset objects unloaded after import = 8
========================================================================
Received Import Request.
  Time since last request: 0.035049 seconds.
  path: Assets/PolygonPrototype/Models/SM_Prop_Cone_01.fbx
  artifactKey: Guid(a9be3e917a5f45042983d269d11e6497) Importer(815301076,1909f56bfc062723c751e8b465ee728b)
Start importing Assets/PolygonPrototype/Models/SM_Prop_Cone_01.fbx using Guid(a9be3e917a5f45042983d269d11e6497) Importer(815301076,1909f56bfc062723c751e8b465ee728b) [PhysX] Initialized MultithreadedTaskDispatcher with 24 workers.
[PhysX] Initialized MultithreadedTaskDispatcher with 24 workers.
[PhysX] Initialized MultithreadedTaskDispatcher with 24 workers.
 -> (artifact id: '4211dbcc60fcdb577e27cea791fec35d') in 0.011263 seconds
Number of updated asset objects reloaded before import = 0
Number of asset objects unloaded after import = 8
========================================================================
Received Import Request.
  Time since last request: 0.000016 seconds.
  path: Assets/PolygonPrototype/Models/SM_Prop_Dart_01.fbx
  artifactKey: Guid(9621f0f382ccba24ca050cf4f88fa708) Importer(815301076,1909f56bfc062723c751e8b465ee728b)
Start importing Assets/PolygonPrototype/Models/SM_Prop_Dart_01.fbx using Guid(9621f0f382ccba24ca050cf4f88fa708) Importer(815301076,1909f56bfc062723c751e8b465ee728b) [PhysX] Initialized MultithreadedTaskDispatcher with 24 workers.
[PhysX] Initialized MultithreadedTaskDispatcher with 24 workers.
[PhysX] Initialized MultithreadedTaskDispatcher with 24 workers.
 -> (artifact id: '95b20a493d7cb378f41f84b3c76259a7') in 0.009494 seconds
Number of updated asset objects reloaded before import = 0
Number of asset objects unloaded after import = 8
========================================================================
Received Import Request.
  Time since last request: 2.693920 seconds.
  path: Assets/PolygonPrototype/Models/SM_Prop_FlagPole_01.fbx
  artifactKey: Guid(de42f45ee9765794bb30627f001550d2) Importer(815301076,1909f56bfc062723c751e8b465ee728b)
Start importing Assets/PolygonPrototype/Models/SM_Prop_FlagPole_01.fbx using Guid(de42f45ee9765794bb30627f001550d2) Importer(815301076,1909f56bfc062723c751e8b465ee728b) [PhysX] Initialized MultithreadedTaskDispatcher with 24 workers.
[PhysX] Initialized MultithreadedTaskDispatcher with 24 workers.
[PhysX] Initialized MultithreadedTaskDispatcher with 24 workers.
 -> (artifact id: 'fecd75f799192cecf7f6c87945ac7b03') in 0.013495 seconds
Number of updated asset objects reloaded before import = 0
Number of asset objects unloaded after import = 8
========================================================================
Received Import Request.
  Time since last request: 0.000016 seconds.
  path: Assets/PolygonPrototype/Models/SM_Prop_Ladder_1x1_01P.fbx
  artifactKey: Guid(8556517e2473bd24eada55eb382de98c) Importer(815301076,1909f56bfc062723c751e8b465ee728b)
Start importing Assets/PolygonPrototype/Models/SM_Prop_Ladder_1x1_01P.fbx using Guid(8556517e2473bd24eada55eb382de98c) Importer(815301076,1909f56bfc062723c751e8b465ee728b) [PhysX] Initialized MultithreadedTaskDispatcher with 24 workers.
[PhysX] Initialized MultithreadedTaskDispatcher with 24 workers.
[PhysX] Initialized MultithreadedTaskDispatcher with 24 workers.
 -> (artifact id: '0c033d527b4b35112527155969ae9ccd') in 0.012515 seconds
Number of updated asset objects reloaded before import = 0
Number of asset objects unloaded after import = 8
========================================================================
Received Import Request.
  Time since last request: 0.027902 seconds.
  path: Assets/PolygonPrototype/Models/SM_Prop_Ladder_1x4_01.fbx
  artifactKey: Guid(79f55cfd12578cc4686048b4d987b273) Importer(815301076,1909f56bfc062723c751e8b465ee728b)
Start importing Assets/PolygonPrototype/Models/SM_Prop_Ladder_1x4_01.fbx using Guid(79f55cfd12578cc4686048b4d987b273) Importer(815301076,1909f56bfc062723c751e8b465ee728b) [PhysX] Initialized MultithreadedTaskDispatcher with 24 workers.
[PhysX] Initialized MultithreadedTaskDispatcher with 24 workers.
[PhysX] Initialized MultithreadedTaskDispatcher with 24 workers.
 -> (artifact id: 'bfaeb665cf15a48780ce3d3d5df2e1b6') in 0.012154 seconds
Number of updated asset objects reloaded before import = 0
Number of asset objects unloaded after import = 8
========================================================================
Received Import Request.
  Time since last request: 0.000015 seconds.
  path: Assets/PolygonPrototype/Models/SM_Prop_Microphone_01.fbx
  artifactKey: Guid(fba9484d89c10fb45bc74c04c93785ec) Importer(815301076,1909f56bfc062723c751e8b465ee728b)
Start importing Assets/PolygonPrototype/Models/SM_Prop_Microphone_01.fbx using Guid(fba9484d89c10fb45bc74c04c93785ec) Importer(815301076,1909f56bfc062723c751e8b465ee728b) [PhysX] Initialized MultithreadedTaskDispatcher with 24 workers.
[PhysX] Initialized MultithreadedTaskDispatcher with 24 workers.
[PhysX] Initialized MultithreadedTaskDispatcher with 24 workers.
 -> (artifact id: 'c8d8bfcd55387905c8595ecd1561f92b') in 0.008960 seconds
Number of updated asset objects reloaded before import = 0
Number of asset objects unloaded after import = 8
========================================================================
Received Import Request.
  Time since last request: 0.562518 seconds.
  path: Assets/PolygonPrototype/Models/SM_Prop_Pipe_01.fbx
  artifactKey: Guid(f64e03b3220ede944bd586ef48b59148) Importer(815301076,1909f56bfc062723c751e8b465ee728b)
Start importing Assets/PolygonPrototype/Models/SM_Prop_Pipe_01.fbx using Guid(f64e03b3220ede944bd586ef48b59148) Importer(815301076,1909f56bfc062723c751e8b465ee728b) [PhysX] Initialized MultithreadedTaskDispatcher with 24 workers.
[PhysX] Initialized MultithreadedTaskDispatcher with 24 workers.
[PhysX] Initialized MultithreadedTaskDispatcher with 24 workers.
 -> (artifact id: 'c1c6f19e7cfc6009cc7fee451ad45fa8') in 0.013856 seconds
Number of updated asset objects reloaded before import = 0
Number of asset objects unloaded after import = 8
========================================================================
Received Import Request.
  Time since last request: 0.000018 seconds.
  path: Assets/PolygonPrototype/Models/SM_Prop_Pistol_01.fbx
  artifactKey: Guid(710f9bac1a26064439306a44e742c04b) Importer(815301076,1909f56bfc062723c751e8b465ee728b)
Start importing Assets/PolygonPrototype/Models/SM_Prop_Pistol_01.fbx using Guid(710f9bac1a26064439306a44e742c04b) Importer(815301076,1909f56bfc062723c751e8b465ee728b) [PhysX] Initialized MultithreadedTaskDispatcher with 24 workers.
[PhysX] Initialized MultithreadedTaskDispatcher with 24 workers.
[PhysX] Initialized MultithreadedTaskDispatcher with 24 workers.
[PhysX] Initialized MultithreadedTaskDispatcher with 24 workers.
[PhysX] Initialized MultithreadedTaskDispatcher with 24 workers.
[PhysX] Initialized MultithreadedTaskDispatcher with 24 workers.
[PhysX] Initialized MultithreadedTaskDispatcher with 24 workers.
[PhysX] Initialized MultithreadedTaskDispatcher with 24 workers.
[PhysX] Initialized MultithreadedTaskDispatcher with 24 workers.
 -> (artifact id: 'ebd5195df0595c4629bc00ff29f3ce44') in 0.046552 seconds
Number of updated asset objects reloaded before import = 0
Number of asset objects unloaded after import = 23
========================================================================
Received Import Request.
  Time since last request: 0.451881 seconds.
  path: Assets/PolygonPrototype/Models/SM_Prop_Synty_Cube_01.fbx
  artifactKey: Guid(6cfe01e70a444224f8eb725e2b22452d) Importer(815301076,1909f56bfc062723c751e8b465ee728b)
Start importing Assets/PolygonPrototype/Models/SM_Prop_Synty_Cube_01.fbx using Guid(6cfe01e70a444224f8eb725e2b22452d) Importer(815301076,1909f56bfc062723c751e8b465ee728b) [PhysX] Initialized MultithreadedTaskDispatcher with 24 workers.
[PhysX] Initialized MultithreadedTaskDispatcher with 24 workers.
[PhysX] Initialized MultithreadedTaskDispatcher with 24 workers.
 -> (artifact id: '489d58b621a2b1f7ed87326625e2c7b6') in 0.013255 seconds
Number of updated asset objects reloaded before import = 0
Number of asset objects unloaded after import = 8
========================================================================
Received Import Request.
  Time since last request: 0.000015 seconds.
  path: Assets/PolygonPrototype/Models/SM_Prop_Target_02.fbx
  artifactKey: Guid(8db6127b2986c5849bb8f2edcca5c5fa) Importer(815301076,1909f56bfc062723c751e8b465ee728b)
Start importing Assets/PolygonPrototype/Models/SM_Prop_Target_02.fbx using Guid(8db6127b2986c5849bb8f2edcca5c5fa) Importer(815301076,1909f56bfc062723c751e8b465ee728b) [PhysX] Initialized MultithreadedTaskDispatcher with 24 workers.
[PhysX] Initialized MultithreadedTaskDispatcher with 24 workers.
[PhysX] Initialized MultithreadedTaskDispatcher with 24 workers.
 -> (artifact id: '7a876ad86ab06b96704e04815104cc45') in 0.017997 seconds
Number of updated asset objects reloaded before import = 0
Number of asset objects unloaded after import = 8
========================================================================
Received Import Request.
  Time since last request: 0.935189 seconds.
  path: Assets/PolygonPrototype/Models/SM_Prop_Tennis_Racket_01.fbx
  artifactKey: Guid(43b61c14ecc15ac4cb1d3258591d7562) Importer(815301076,1909f56bfc062723c751e8b465ee728b)
Start importing Assets/PolygonPrototype/Models/SM_Prop_Tennis_Racket_01.fbx using Guid(43b61c14ecc15ac4cb1d3258591d7562) Importer(815301076,1909f56bfc062723c751e8b465ee728b) [PhysX] Initialized MultithreadedTaskDispatcher with 24 workers.
[PhysX] Initialized MultithreadedTaskDispatcher with 24 workers.
[PhysX] Initialized MultithreadedTaskDispatcher with 24 workers.
 -> (artifact id: 'fc989b67cba33a80f3ccfd99d5f2e37e') in 0.013181 seconds
Number of updated asset objects reloaded before import = 0
Number of asset objects unloaded after import = 8
========================================================================
Received Import Request.
  Time since last request: 0.000016 seconds.
  path: Assets/PolygonPrototype/Models/SM_Prop_Tree_Pine_02.fbx
  artifactKey: Guid(a7113a38503da0b49bc2e2aa3e226b66) Importer(815301076,1909f56bfc062723c751e8b465ee728b)
Start importing Assets/PolygonPrototype/Models/SM_Prop_Tree_Pine_02.fbx using Guid(a7113a38503da0b49bc2e2aa3e226b66) Importer(815301076,1909f56bfc062723c751e8b465ee728b) [PhysX] Initialized MultithreadedTaskDispatcher with 24 workers.
[PhysX] Initialized MultithreadedTaskDispatcher with 24 workers.
[PhysX] Initialized MultithreadedTaskDispatcher with 24 workers.
 -> (artifact id: 'd944930d88e01490a84f8c9a063684fe') in 0.013973 seconds
Number of updated asset objects reloaded before import = 0
Number of asset objects unloaded after import = 8
========================================================================
Received Import Request.
  Time since last request: 0.235571 seconds.
  path: Assets/PolygonPrototype/Models/SM_Prop_Tree_Square_02.fbx
  artifactKey: Guid(2a0ebe52fc32c31418ae08b12480c4d2) Importer(815301076,1909f56bfc062723c751e8b465ee728b)
Start importing Assets/PolygonPrototype/Models/SM_Prop_Tree_Square_02.fbx using Guid(2a0ebe52fc32c31418ae08b12480c4d2) Importer(815301076,1909f56bfc062723c751e8b465ee728b) [PhysX] Initialized MultithreadedTaskDispatcher with 24 workers.
[PhysX] Initialized MultithreadedTaskDispatcher with 24 workers.
[PhysX] Initialized MultithreadedTaskDispatcher with 24 workers.
 -> (artifact id: 'b0e35cf0b7ed4a95173faf56ebae67c1') in 0.011848 seconds
Number of updated asset objects reloaded before import = 0
Number of asset objects unloaded after import = 8
========================================================================
Received Import Request.
  Time since last request: 0.000016 seconds.
  path: Assets/PolygonPrototype/Models/SM_Prop_Window_Bar_01.fbx
  artifactKey: Guid(7797f17def3149d40a3ab53cdfd4eedc) Importer(815301076,1909f56bfc062723c751e8b465ee728b)
Start importing Assets/PolygonPrototype/Models/SM_Prop_Window_Bar_01.fbx using Guid(7797f17def3149d40a3ab53cdfd4eedc) Importer(815301076,1909f56bfc062723c751e8b465ee728b) [PhysX] Initialized MultithreadedTaskDispatcher with 24 workers.
[PhysX] Initialized MultithreadedTaskDispatcher with 24 workers.
[PhysX] Initialized MultithreadedTaskDispatcher with 24 workers.
 -> (artifact id: '4267331b6b46ac9cbb3a52fafede3c8d') in 0.016783 seconds
Number of updated asset objects reloaded before import = 0
Number of asset objects unloaded after import = 8
========================================================================
Received Import Request.
  Time since last request: 2.217435 seconds.
  path: Assets/PolygonPrototype/Models/SM_Switch_Lever_01.fbx
  artifactKey: Guid(ed8aef541c4d91c46b4bba37be9ab928) Importer(815301076,1909f56bfc062723c751e8b465ee728b)
Start importing Assets/PolygonPrototype/Models/SM_Switch_Lever_01.fbx using Guid(ed8aef541c4d91c46b4bba37be9ab928) Importer(815301076,1909f56bfc062723c751e8b465ee728b) [PhysX] Initialized MultithreadedTaskDispatcher with 24 workers.
[PhysX] Initialized MultithreadedTaskDispatcher with 24 workers.
[PhysX] Initialized MultithreadedTaskDispatcher with 24 workers.
[PhysX] Initialized MultithreadedTaskDispatcher with 24 workers.
[PhysX] Initialized MultithreadedTaskDispatcher with 24 workers.
 -> (artifact id: '32481c6f8f4c7d029db2cbc6cb9e4b7b') in 0.022445 seconds
Number of updated asset objects reloaded before import = 0
Number of asset objects unloaded after import = 13
========================================================================
Received Prepare
Caller must complete domain reload
Begin MonoManager ReloadAssembly
- Loaded All Assemblies, in  0.513 seconds
Native extension for WindowsStandalone target not found
[Package Manager] Server::EnsureServerProcessIsRunning -- launch failed, reason: Unity was launched with the -noUpm command-line argument
[Package Manager] UpmClient::Send -- Unable to send message (not connected to UPM process).
[Package Manager] Cannot connect to Unity Package Manager local server
Mono: successfully reloaded assembly
- Finished resetting the current domain, in  1.158 seconds
Domain Reload Profiling: 1667ms
	BeginReloadAssembly (180ms)
		ExecutionOrderSort (0ms)
		DisableScriptedObjects (10ms)
		BackupInstance (0ms)
		ReleaseScriptingObjects (0ms)
		CreateAndSetChildDomain (45ms)
	RebuildCommonClasses (31ms)
	RebuildNativeTypeToScriptingClass (11ms)
	initialDomainReloadingComplete (33ms)
	LoadAllAssembliesAndSetupDomain (253ms)
		LoadAssemblies (320ms)
		RebuildTransferFunctionScriptingTraits (0ms)
		AnalyzeDomain (25ms)
			TypeCache.Refresh (12ms)
				TypeCache.ScanAssembly (0ms)
			ScanForSourceGeneratedMonoScriptInfo (0ms)
			ResolveRequiredComponents (11ms)
	FinalizeReload (1159ms)
		ReleaseScriptCaches (0ms)
		RebuildScriptCaches (0ms)
		SetupLoadedEditorAssemblies (494ms)
			LogAssemblyErrors (0ms)
			InitializePlatformSupportModulesInManaged (8ms)
			SetLoadedEditorAssemblies (4ms)
			RefreshPlugins (0ms)
			BeforeProcessingInitializeOnLoad (75ms)
			ProcessInitializeOnLoadAttributes (342ms)
			ProcessInitializeOnLoadMethodAttributes (58ms)
			AfterProcessingInitializeOnLoad (8ms)
			EditorAssembliesLoaded (0ms)
		ExecutionOrderSort2 (0ms)
		AwakeInstancesAfterBackupRestoration (18ms)
Refreshing native plugins compatible for Editor in 4.37 ms, found 3 plugins.
Preloading 0 native plugins for Editor in 0.00 ms.
Unloading 4946 Unused Serialized files (Serialized files now loaded: 0)
Unloading 20 unused Assets / (387.3 KB). Loaded Objects now: 5660.
Memory consumption went from 189.9 MB to 189.5 MB.
Total: 3.159700 ms (FindLiveObjects: 0.407700 ms CreateObjectMapping: 0.138900 ms MarkObjects: 2.513500 ms  DeleteObjects: 0.098700 ms)

Prepare: number of updated asset objects reloaded= 0
AssetImportParameters requested are different than current active one (requested -> active):
  custom:container-demuxer-ogg: 62fdf1f143b41e24485cea50d1cbac27 -> 
  custom:video-decoder-ogg-theora: a1e56fd34408186e4bbccfd4996cb3dc -> 
  custom:framework-win-MediaFoundation: 216162199b28c13a410421893ffa2e32 -> 
  custom:CustomObjectIndexerAttribute: 72b91833f83ae208fae7752999fa3104 -> 
  custom:container-demuxer-webm: 4f35f7cbe854078d1ac9338744f61a02 -> 
  custom:container-muxer-webm: aa71ff27fc2769a1b78a27578f13a17b -> 
  custom:video-decoder-webm-vp8: 9c59270c3fd7afecdb556c50c9e8de78 -> 
  custom:SearchIndexIgnoredProperties: e643bd26f0fe6173181afceb89e7c659 -> 
  custom:AudioImporter_EditorPlatform: d09bf68614088b80899f8185d706f6e7 -> 
  custom:video-encoder-webm-vp8: eb34c28f22e8b96e1ab97ce403110664 -> 
  custom:audio-decoder-ogg-vorbis: bf7c407c2cedff20999df2af8eb42d56 -> 
  custom:audio-encoder-webm-vorbis: bf7c407c2cedff20999df2af8eb42d56 -> 
Editor requested this worker to shutdown with reason: Scaling down because of idle timeout
TcpMessagingSession - receive error: operation aborted. errorcode: 995, details: La operacin de E/S se anul por una salida de subproceso o por una solicitud de aplicacin.
AssetImportWorker is now disconnected from the server
Process exiting
Exiting without the bug reporter. Application will terminate with return code 0